<?xml version="1.0" encoding="utf-8" standalone="no"?>
<!--This file represents the results of running a test suite-->
<test-results name="C:\Users\User\Documents\Visual Studio 2010\Projects\VirtualLibrary\LibraryFacadeTest\LibraryFacadeTest\LibraryFacadeTest.csproj" total="6" errors="0" failures="1" not-run="0" inconclusive="0" ignored="0" skipped="0" invalid="0" date="2014-07-22" time="13:02:47">
  <environment nunit-version="2.6.3.13283" clr-version="2.0.50727.4247" os-version="Microsoft Windows NT 6.0.6002 Service Pack 2" platform="Win32NT" cwd="C:\Users\User\Documents\Visual Studio 2010\Projects\VirtualLibrary\LibraryFacadeTest\LibraryFacadeTest" machine-name="USER-PC" user="User" user-domain="USER-PC" />
  <culture-info current-culture="en-US" current-uiculture="en-US" />
  <test-suite type="Project" name="C:\Users\User\Documents\Visual Studio 2010\Projects\VirtualLibrary\LibraryFacadeTest\LibraryFacadeTest\LibraryFacadeTest.csproj" executed="True" result="Failure" success="False" time="0.068" asserts="0">
    <results>
      <test-suite type="Assembly" name="C:\Users\User\Documents\Visual Studio 2010\Projects\VirtualLibrary\LibraryFacadeTest\LibraryFacadeTest\bin\Debug\LibraryFacadeTest.dll" executed="True" result="Failure" success="False" time="0.067" asserts="0">
        <results>
          <test-suite type="Namespace" name="LibraryFacadeTest" executed="True" result="Failure" success="False" time="0.067" asserts="0">
            <results>
              <test-suite type="TestFixture" name="LibraryServiceTest" executed="True" result="Failure" success="False" time="0.065" asserts="0">
                <results>
                  <test-suite type="ParameterizedTest" name="Add" executed="True" result="Success" success="True" time="0.012" asserts="0">
                    <results>
                      <test-case name="LibraryFacadeTest.LibraryServiceTest.Add(&quot;1,1,1&quot;)" executed="True" result="Success" success="True" time="0.000" asserts="1" />
                      <test-case name="LibraryFacadeTest.LibraryServiceTest.Add(&quot;2,x x,2&quot;)" executed="True" result="Success" success="True" time="0.000" asserts="1" />
                    </results>
                  </test-suite>
                  <test-case name="LibraryFacadeTest.LibraryServiceTest.Add" executed="True" result="Failure" success="False" time="0.002" asserts="8">
                    <failure>
                      <message><![CDATA[  Expected: False
  But was:  True
]]></message>
                      <stack-trace><![CDATA[at LibraryFacadeTest.LibraryServiceTest.Add() in C:\Users\User\Documents\Visual Studio 2010\Projects\VirtualLibrary\LibraryFacadeTest\LibraryFacadeTest\LibraryServiceTest.cs:line 27
]]></stack-trace>
                    </failure>
                  </test-case>
                  <test-case name="LibraryFacadeTest.LibraryServiceTest.Add_Exception" executed="True" result="Success" success="True" time="0.001" asserts="0" />
                  <test-case name="LibraryFacadeTest.LibraryServiceTest.Add_Exception_OneParam" executed="True" result="Success" success="True" time="0.001" asserts="0" />
                  <test-case name="LibraryFacadeTest.LibraryServiceTest.Add_Exception_TwoParam" executed="True" result="Success" success="True" time="0.001" asserts="0" />
                </results>
              </test-suite>
            </results>
          </test-suite>
        </results>
      </test-suite>
    </results>
  </test-suite>
</test-results>